Arguments: 
  /usr/bin/node /usr/share/yarn/bin/yarn.js

PATH: 
  /home/bcuser/Android/Sdk/tools:/home/bcuser/Android/Sdk/platform-tools:/home/bcuser/npm/bin:/home/bcuser/bin:/usr/local/sbin:/usr/local/bin:/usr/sbin:/usr/bin:/sbin:/bin:/usr/games:/usr/local/games:/snap/bin

Yarn version: 
  1.6.0

Node version: 
  9.11.1

Platform: 
  linux x64

Trace: 
  Error: getaddrinfo EAI_AGAIN registry.yarnpkg.com:443
      at GetAddrInfoReqWrap.onlookup [as oncomplete] (dns.js:67:26)

npm manifest: 
  {
    "name": "lookup-server",
    "version": "0.0.1",
    "private": true,
    "dependencies": {
      "babel-cli": "6.26.0",
      "babel-core": "6.26.0",
      "express": "4.16.3"
    },
    "scripts": {
      "start": "concurrently 'npm run server' 'npm run client'",
      "server": "babel-node server/bin/www",
      "client": "babel-node start-client.js",
      "lint": "eslint ."
    },
    "devDependencies": {
      "babel-eslint": "^8.2.2",
      "concurrently": "^3.5.1",
      "eslint": "4.19.1",
      "eslint-config-google": "^0.9.1",
      "eslint-plugin-import": "2.11.0",
      "eslint-plugin-jsx-a11y": "6.0.3",
      "eslint-plugin-react": "7.7.0"
    }
  }

yarn manifest: 
  No manifest

Lockfile: 
  No lockfile
