Arguments: 
  /usr/bin/node /usr/share/yarn/bin/yarn.js

PATH: 
  /home/bcuser/Android/Sdk/tools:/home/bcuser/Android/Sdk/platform-tools:/home/bcuser/npm/bin:/home/bcuser/bin:/usr/local/sbin:/usr/local/bin:/usr/sbin:/usr/bin:/sbin:/bin:/usr/games:/usr/local/games:/snap/bin

Yarn version: 
  1.6.0

Node version: 
  9.11.1

Platform: 
  linux x64

Trace: 
  Error: getaddrinfo EAI_AGAIN registry.yarnpkg.com:443
      at GetAddrInfoReqWrap.onlookup [as oncomplete] (dns.js:67:26)

npm manifest: 
  {
    "name": "client",
    "version": "0.1.0",
    "private": true,
    "proxy": "http://localhost:30026",
    "dependencies": {
      "jest": "^22.4.3",
      "react": "^16.3.1",
      "react-dom": "^16.3.1",
      "react-scripts": "1.1.4",
      "request": "^2.85.0"
    },
    "scripts": {
      "start": "react-scripts start",
      "build": "react-scripts build",
      "test": "react-scripts test --env=jsdom",
      "eject": "react-scripts eject"
    }
  }

yarn manifest: 
  No manifest

Lockfile: 
  No lockfile
